<?xml version="1.0" encoding="UTF-8"?>
<!-- Generated by org.testng.reporters.JUnitReportReporter -->
<testsuite hostname="DESKTOP-3N64S6F" failures="0" tests="1" name="Maveric.testCases.ErrorValidations" time="10.968" errors="0" timestamp="2025-07-15T09:19:24 IST" skipped="0">
  <testcase classname="Maveric.testCases.ErrorValidations" name="errorchecking" time="10.968"/>
</testsuite> <!-- Maveric.testCases.ErrorValidations -->
