<?xml version="1.0" encoding="UTF-8"?>
<!-- Generated by org.testng.reporters.JUnitReportReporter -->
<testsuite hostname="DESKTOP-3N64S6F" failures="0" tests="3" name="Maveric.testCases.SubmitOrderTestCase" time="85.350" errors="0" timestamp="2025-07-28T14:31:07 IST" skipped="0">
  <testcase classname="Maveric.testCases.SubmitOrderTestCase" name="ordersValidationTest" time="8.525"/>
  <testcase classname="Maveric.testCases.SubmitOrderTestCase" name="submitOrder" time="53.052"/>
  <testcase classname="Maveric.testCases.SubmitOrderTestCase" name="submitOrder" time="23.773"/>
</testsuite> <!-- Maveric.testCases.SubmitOrderTestCase -->
